<?xml version="1.0" encoding="UTF-8"?>
<!-- Generated by org.testng.reporters.JUnitXMLReporter -->
<testsuite hostname="Mohit-PC" ignored="0" name="demoxml" tests="1" failures="1" timestamp="15 Jul 2018 18:16:49 GMT" time="0.178" errors="0">
  <testcase name="simple" time="0.0" classname="login.paramterize">
    <failure type="org.testng.TestNGException" message="
Parameter &amp;apos;Username&amp;apos; is required by @Test on method simple but has not been marked @Optional or defined
in C:\Users\Mohit\Desktop\belts\belts combo\New folder\testing\testing\login\testng.xml">
      <![CDATA[org.testng.TestNGException: Parameter 'Username' is required by @Test on method simple but has not been marked @Optional or definedin C:\Users\Mohit\Desktop\belts\belts combo\New folder\testing\testing\login\testng.xml... Removed 24 stack frames]]>
    </failure>
  </testcase> <!-- simple -->
</testsuite> <!-- demoxml -->
